# JRE version: OpenJDK Runtime Environment (11.0.11+9) (build 11.0.11+9-b60-7590822)
# Java VM: OpenJDK 64-Bit Server VM (11.0.11+9-b60-7590822, mixed mode, tiered, compressed oops, g1 gc, windows-amd64)
Heap:
 garbage-first heap   total 568320K, used 417136K [0x0000000080000000, 0x0000000100000000)
  region size 1024K, 11 young (11264K), 2 survivors (2048K)
 Metaspace       used 150461K, capacity 154795K, committed 155084K, reserved 1183744K
  class space    used 18492K, capacity 20154K, committed 20224K, reserved 1048576K
GC Heap History (20 events):
Event: 309.049 GC heap before
{Heap before GC invocations=158 (full 0):
 garbage-first heap   total 568320K, used 483648K [0x0000000080000000, 0x0000000100000000)
  region size 1024K, 160 young (163840K), 12 survivors (12288K)
 Metaspace       used 137087K, capacity 141015K, committed 141260K, reserved 1171456K
  class space    used 16925K, capacity 18423K, committed 18432K, reserved 1048576K
}
Event: 309.065 GC heap after
{Heap after GC invocations=159 (full 0):
 garbage-first heap   total 568320K, used 330953K [0x0000000080000000, 0x0000000100000000)
  region size 1024K, 6 young (6144K), 6 survivors (6144K)
 Metaspace       used 137087K, capacity 141015K, committed 141260K, reserved 1171456K
  class space    used 16925K, capacity 18423K, committed 18432K, reserved 1048576K
}
Event: 311.591 GC heap before
{Heap before GC invocations=159 (full 0):
 garbage-first heap   total 568320K, used 501961K [0x0000000080000000, 0x0000000100000000)
  region size 1024K, 160 young (163840K), 6 survivors (6144K)
 Metaspace       used 137647K, capacity 141586K, committed 141900K, reserved 1173504K
  class space    used 17001K, capacity 18500K, committed 18560K, reserved 1048576K
}
Event: 311.598 GC heap after
{Heap after GC invocations=160 (full 0):
 garbage-first heap   total 568320K, used 341328K [0x0000000080000000, 0x0000000100000000)
  region size 1024K, 9 young (9216K), 9 survivors (9216K)
 Metaspace       used 137647K, capacity 141586K, committed 141900K, reserved 1173504K
  class space    used 17001K, capacity 18500K, committed 18560K, reserved 1048576K
}
Event: 313.521 GC heap before
{Heap before GC invocations=160 (full 0):
 garbage-first heap   total 568320K, used 491856K [0x0000000080000000, 0x0000000100000000)
  region size 1024K, 155 young (158720K), 9 survivors (9216K)
 Metaspace       used 138702K, capacity 142760K, committed 143052K, reserved 1173504K
  class space    used 17105K, capacity 18641K, committed 18688K, reserved 1048576K
}
Event: 313.593 GC heap after
{Heap after GC invocations=161 (full 0):
 garbage-first heap   total 568320K, used 374599K [0x0000000080000000, 0x0000000100000000)
  region size 1024K, 20 young (20480K), 20 survivors (20480K)
 Metaspace       used 138702K, capacity 142760K, committed 143052K, reserved 1173504K
  class space    used 17105K, capacity 18641K, committed 18688K, reserved 1048576K
}
Event: 314.073 GC heap before
{Heap before GC invocations=161 (full 0):
 garbage-first heap   total 568320K, used 417607K [0x0000000080000000, 0x0000000100000000)
  region size 1024K, 61 young (62464K), 20 survivors (20480K)
 Metaspace       used 138752K, capacity 142763K, committed 143052K, reserved 1173504K
  class space    used 17106K, capacity 18641K, committed 18688K, reserved 1048576K
}
Event: 314.122 GC heap after
{Heap after GC invocations=162 (full 0):
 garbage-first heap   total 568320K, used 381952K [0x0000000080000000, 0x0000000100000000)
  region size 1024K, 4 young (4096K), 4 survivors (4096K)
 Metaspace       used 138752K, capacity 142763K, committed 143052K, reserved 1173504K
  class space    used 17106K, capacity 18641K, committed 18688K, reserved 1048576K
}
Event: 315.375 GC heap before
{Heap before GC invocations=162 (full 0):
 garbage-first heap   total 568320K, used 460800K [0x0000000080000000, 0x0000000100000000)
  region size 1024K, 77 young (78848K), 4 survivors (4096K)
 Metaspace       used 139269K, capacity 143228K, committed 143308K, reserved 1173504K
  class space    used 17161K, capacity 18686K, committed 18688K, reserved 1048576K
}
Event: 315.397 GC heap after
{Heap after GC invocations=163 (full 0):
 garbage-first heap   total 568320K, used 398336K [0x0000000080000000, 0x0000000100000000)
  region size 1024K, 10 young (10240K), 10 survivors (10240K)
 Metaspace       used 139269K, capacity 143228K, committed 143308K, reserved 1173504K
  class space    used 17161K, capacity 18686K, committed 18688K, reserved 1048576K
}
Event: 321.756 GC heap before
{Heap before GC invocations=163 (full 0):
 garbage-first heap   total 568320K, used 473088K [0x0000000080000000, 0x0000000100000000)
  region size 1024K, 78 young (79872K), 10 survivors (10240K)
 Metaspace       used 139583K, capacity 143590K, committed 143692K, reserved 1173504K
  class space    used 17190K, capacity 18721K, committed 18816K, reserved 1048576K
}
Event: 321.780 GC heap after
{Heap after GC invocations=164 (full 0):
 garbage-first heap   total 568320K, used 404187K [0x0000000080000000, 0x0000000100000000)
  region size 1024K, 6 young (6144K), 6 survivors (6144K)
 Metaspace       used 139583K, capacity 143590K, committed 143692K, reserved 1173504K
  class space    used 17190K, capacity 18721K, committed 18816K, reserved 1048576K
}
Event: 326.346 GC heap before
{Heap before GC invocations=164 (full 0):
 garbage-first heap   total 568320K, used 473819K [0x0000000080000000, 0x0000000100000000)
  region size 1024K, 73 young (74752K), 6 survivors (6144K)
 Metaspace       used 145802K, capacity 149988K, committed 150092K, reserved 1179648K
  class space    used 17991K, capacity 19555K, committed 19584K, reserved 1048576K
}
Event: 326.365 GC heap after
{Heap after GC invocations=165 (full 0):
 garbage-first heap   total 568320K, used 408885K [0x0000000080000000, 0x0000000100000000)
  region size 1024K, 5 young (5120K), 5 survivors (5120K)
 Metaspace       used 145802K, capacity 149988K, committed 150092K, reserved 1179648K
  class space    used 17991K, capacity 19555K, committed 19584K, reserved 1048576K
}
Event: 328.568 GC heap before
{Heap before GC invocations=165 (full 0):
 garbage-first heap   total 568320K, used 481589K [0x0000000080000000, 0x0000000100000000)
  region size 1024K, 73 young (74752K), 5 survivors (5120K)
 Metaspace       used 148135K, capacity 152449K, committed 152652K, reserved 1181696K
  class space    used 18236K, capacity 19832K, committed 19840K, reserved 1048576K
}
Event: 328.581 GC heap after
{Heap after GC invocations=166 (full 0):
 garbage-first heap   total 568320K, used 416768K [0x0000000080000000, 0x0000000100000000)
  region size 1024K, 10 young (10240K), 10 survivors (10240K)
 Metaspace       used 148135K, capacity 152449K, committed 152652K, reserved 1181696K
  class space    used 18236K, capacity 19832K, committed 19840K, reserved 1048576K
}
Event: 330.150 GC heap before
{Heap before GC invocations=166 (full 0):
 garbage-first heap   total 568320K, used 482304K [0x0000000080000000, 0x0000000100000000)
  region size 1024K, 74 young (75776K), 10 survivors (10240K)
 Metaspace       used 148202K, capacity 152466K, committed 152652K, reserved 1181696K
  class space    used 18240K, capacity 19833K, committed 19840K, reserved 1048576K
}
Event: 330.164 GC heap after
{Heap after GC invocations=167 (full 0):
 garbage-first heap   total 568320K, used 412617K [0x0000000080000000, 0x0000000100000000)
  region size 1024K, 5 young (5120K), 5 survivors (5120K)
 Metaspace       used 148202K, capacity 152466K, committed 152652K, reserved 1181696K
  class space    used 18240K, capacity 19833K, committed 19840K, reserved 1048576K
}
Event: 1169.393 GC heap before
{Heap before GC invocations=167 (full 0):
 garbage-first heap   total 568320K, used 498633K [0x0000000080000000, 0x0000000100000000)
  region size 1024K, 72 young (73728K), 5 survivors (5120K)
 Metaspace       used 150400K, capacity 154795K, committed 155084K, reserved 1183744K
  class space    used 18492K, capacity 20154K, committed 20224K, reserved 1048576K
}
Event: 1169.396 GC heap after
{Heap after GC invocations=168 (full 0):
 garbage-first heap   total 568320K, used 408944K [0x0000000080000000, 0x0000000100000000)
  region size 1024K, 2 young (2048K), 2 survivors (2048K)
 Metaspace       used 150400K, capacity 154795K, committed 155084K, reserved 1183744K
  class space    used 18492K, capacity 20154K, committed 20224K, reserved 1048576K
}

